[debug] [2020-11-17T15:49:23.864Z] ----------------------------------------------------------------------
[debug] [2020-11-17T15:49:23.867Z] Command:       /usr/local/bin/node /usr/local/bin/firebase emulators:start
[debug] [2020-11-17T15:49:23.867Z] CLI Version:   8.16.2
[debug] [2020-11-17T15:49:23.867Z] Platform:      darwin
[debug] [2020-11-17T15:49:23.867Z] Node Version:  v12.18.3
[debug] [2020-11-17T15:49:23.876Z] Time:          Tue Nov 17 2020 10:49:23 GMT-0500 (Ecuador Time)
[debug] [2020-11-17T15:49:23.876Z] ----------------------------------------------------------------------
[debug] [2020-11-17T15:49:23.876Z] 
[debug] [2020-11-17T15:49:23.888Z] > command requires scopes: ["email","openid","https://www.googleapis.com/auth/cloudplatformprojects.readonly","https://www.googleapis.com/auth/firebase","https://www.googleapis.com/auth/cloud-platform"]
[debug] [2020-11-17T15:49:23.888Z] > authorizing via signed-in user
[info] i  emulators: Starting emulators: functions, hosting {"metadata":{"emulator":{"name":"hub"},"message":"Starting emulators: functions, hosting"}}
[debug] [2020-11-17T15:49:23.902Z] [hub] writing locator at /var/folders/1v/vg6ngm6x0n95bv8z0gsj1g180000gn/T/hub-apollo-a41ae.json
[warn] ⚠  functions: The following emulators are not running, calls to these services from the Functions emulator will affect production: auth, firestore, database, pubsub {"metadata":{"emulator":{"name":"functions"},"message":"The following emulators are not running, calls to these services from the Functions emulator will affect production: \u001b[1mauth, firestore, database, pubsub\u001b[22m"}}
[info] ✔  functions: Using node@12 from host. {"metadata":{"emulator":{"name":"functions"},"message":"Using node@12 from host."}}
[debug] [2020-11-17T15:49:23.916Z] defaultcredentials: writing to file /Users/nicolastobar/.config/firebase/nt_b99.12_gmail.com_application_default_credentials.json
[debug] [2020-11-17T15:49:23.918Z] Setting GAC to /Users/nicolastobar/.config/firebase/nt_b99.12_gmail.com_application_default_credentials.json {"metadata":{"emulator":{"name":"functions"},"message":"Setting GAC to /Users/nicolastobar/.config/firebase/nt_b99.12_gmail.com_application_default_credentials.json"}}
[debug] [2020-11-17T15:49:23.923Z] > refreshing access token with scopes: ["email","https://www.googleapis.com/auth/cloud-platform","https://www.googleapis.com/auth/cloudplatformprojects.readonly","https://www.googleapis.com/auth/firebase","openid"]
[debug] [2020-11-17T15:49:23.924Z] >>> HTTP REQUEST POST https://www.googleapis.com/oauth2/v3/token  
 <request body omitted>
[debug] [2020-11-17T15:49:25.256Z] <<< HTTP RESPONSE 200 {"date":"Tue, 17 Nov 2020 15:51:29 GMT","pragma":"no-cache","cache-control":"no-cache, no-store, max-age=0, must-revalidate","expires":"Mon, 01 Jan 1990 00:00:00 GMT","content-type":"application/json; charset=utf-8","vary":"X-Origin, Referer, Origin,Accept-Encoding","server":"scaffolding on HTTPServer2","x-xss-protection":"0","x-frame-options":"SAMEORIGIN","x-content-type-options":"nosniff","alt-svc":"h3-Q050=\":443\"; ma=2592000,h3-29=\":443\"; ma=2592000,h3-T051=\":443\"; ma=2592000,h3-Q046=\":443\"; ma=2592000,h3-Q043=\":443\"; ma=2592000,quic=\":443\"; ma=2592000; v=\"46,43\"","accept-ranges":"none","transfer-encoding":"chunked"}
[debug] [2020-11-17T15:49:25.286Z] >>> HTTP REQUEST GET https://firebase.googleapis.com/v1beta1/projects/apollo-a41ae/webApps/-/config  
 
[debug] [2020-11-17T15:49:26.007Z] <<< HTTP RESPONSE 200 {"content-type":"application/json; charset=UTF-8","vary":"X-Origin, Referer, Origin,Accept-Encoding","date":"Tue, 17 Nov 2020 15:51:30 GMT","server":"ESF","cache-control":"private","x-xss-protection":"0","x-frame-options":"SAMEORIGIN","x-content-type-options":"nosniff","alt-svc":"h3-Q050=\":443\"; ma=2592000,h3-29=\":443\"; ma=2592000,h3-T051=\":443\"; ma=2592000,h3-Q046=\":443\"; ma=2592000,h3-Q043=\":443\"; ma=2592000,quic=\":443\"; ma=2592000; v=\"46,43\"","accept-ranges":"none","transfer-encoding":"chunked"}
[info] i  hosting: Serving hosting files from: build {"metadata":{"emulator":{"name":"hosting"},"message":"Serving hosting files from: \u001b[1mbuild\u001b[22m"}}
[info] ✔  hosting: Local server: http://localhost:5000 {"metadata":{"emulator":{"name":"hosting"},"message":"Local server: \u001b[4m\u001b[1mhttp://localhost:5000\u001b[22m\u001b[24m"}}
[info] i  ui: downloading ui-v1.2.2.zip... {"metadata":{"emulator":{"name":"ui"},"message":"downloading ui-v1.2.2.zip..."}}
[debug] [2020-11-17T15:49:26.047Z] >>> [apiv2][query] GET https://storage.googleapis.com/firebase-preview-drop/emulator/ui-v1.2.2.zip [none]
[debug] [2020-11-17T15:49:26.338Z] <<< [apiv2][status] GET https://storage.googleapis.com/firebase-preview-drop/emulator/ui-v1.2.2.zip 200
[debug] [2020-11-17T15:49:26.338Z] <<< [apiv2][body] GET https://storage.googleapis.com/firebase-preview-drop/emulator/ui-v1.2.2.zip [stream]
[debug] [2020-11-17T15:49:28.198Z] Ignoring unsupported arg: auto_download {"metadata":{"emulator":{"name":"ui"},"message":"Ignoring unsupported arg: auto_download"}}
[debug] [2020-11-17T15:49:28.198Z] Ignoring unsupported arg: port {"metadata":{"emulator":{"name":"ui"},"message":"Ignoring unsupported arg: port"}}
[debug] [2020-11-17T15:49:28.198Z] Starting Emulator UI with command {"binary":"node","args":["/Users/nicolastobar/.cache/firebase/emulators/ui-v1.2.2/server.bundle.js"],"optionalArgs":[],"joinArgs":false} {"metadata":{"emulator":{"name":"ui"},"message":"Starting Emulator UI with command {\"binary\":\"node\",\"args\":[\"/Users/nicolastobar/.cache/firebase/emulators/ui-v1.2.2/server.bundle.js\"],\"optionalArgs\":[],\"joinArgs\":false}"}}
[info] i  ui: Emulator UI logging to ui-debug.log {"metadata":{"emulator":{"name":"ui"},"message":"Emulator UI logging to \u001b[1mui-debug.log\u001b[22m"}}
[debug] [2020-11-17T15:49:28.287Z] Web / API server started at http://localhost:4000
 {"metadata":{"emulator":{"name":"ui"},"message":"Web / API server started at http://localhost:4000\n"}}
[info] i  functions: Watching "/Users/nicolastobar/Desktop/BoratDev/reactProjects/amazon-clone/functions" for Cloud Functions... {"metadata":{"emulator":{"name":"functions"},"message":"Watching \"/Users/nicolastobar/Desktop/BoratDev/reactProjects/amazon-clone/functions\" for Cloud Functions..."}}
[debug] [2020-11-17T15:49:28.469Z] [worker-pool] addWorker(~diagnostic~) {"metadata":{"emulator":{"name":"functions"},"message":"[worker-pool] addWorker(~diagnostic~)"}}
[debug] [2020-11-17T15:49:28.469Z] [worker-pool] Adding worker with key ~diagnostic~, total=1 {"metadata":{"emulator":{"name":"functions"},"message":"[worker-pool] Adding worker with key ~diagnostic~, total=1"}}
[debug] [2020-11-17T15:49:28.469Z] [worker-pool] submitWork(triggerId=) {"metadata":{"emulator":{"name":"functions"},"message":"[worker-pool] submitWork(triggerId=)"}}
[debug] [2020-11-17T15:49:28.469Z] [worker-~diagnostic~-d9b0fd38-4022-40b7-a167-fd9f93556aa0]: Assigning socketPath: /var/folders/1v/vg6ngm6x0n95bv8z0gsj1g180000gn/T/fire_emu_7408.sock {"metadata":{"emulator":{"name":"functions"},"message":"[worker-~diagnostic~-d9b0fd38-4022-40b7-a167-fd9f93556aa0]: Assigning socketPath: /var/folders/1v/vg6ngm6x0n95bv8z0gsj1g180000gn/T/fire_emu_7408.sock"}}
[debug] [2020-11-17T15:49:28.469Z] [worker-~diagnostic~-d9b0fd38-4022-40b7-a167-fd9f93556aa0]: BUSY {"metadata":{"emulator":{"name":"functions"},"message":"[worker-~diagnostic~-d9b0fd38-4022-40b7-a167-fd9f93556aa0]: BUSY"}}
[debug] [2020-11-17T15:49:28.954Z] [runtime-status] [7408] Functions runtime initialized. {"cwd":"/Users/nicolastobar/Desktop/BoratDev/reactProjects/amazon-clone/functions","node_version":"12.18.3"} {"metadata":{"emulator":{"name":"functions"},"message":"[runtime-status] [7408] Functions runtime initialized. {\"cwd\":\"/Users/nicolastobar/Desktop/BoratDev/reactProjects/amazon-clone/functions\",\"node_version\":\"12.18.3\"}"}}
[debug] [2020-11-17T15:49:28.956Z] [runtime-status] [7408] Disabled runtime features: undefined {"metadata":{"emulator":{"name":"functions"},"message":"[runtime-status] [7408] Disabled runtime features: undefined"}}
[debug] [2020-11-17T15:49:28.959Z] [runtime-status] [7408] Resolved module firebase-admin {"declared":true,"installed":true,"version":"9.4.1","resolution":"/Users/nicolastobar/Desktop/BoratDev/reactProjects/amazon-clone/functions/node_modules/firebase-admin/lib/index.js"} {"metadata":{"emulator":{"name":"functions"},"message":"[runtime-status] [7408] Resolved module firebase-admin {\"declared\":true,\"installed\":true,\"version\":\"9.4.1\",\"resolution\":\"/Users/nicolastobar/Desktop/BoratDev/reactProjects/amazon-clone/functions/node_modules/firebase-admin/lib/index.js\"}"}}
[debug] [2020-11-17T15:49:28.961Z] [runtime-status] [7408] Resolved module firebase-functions {"declared":true,"installed":true,"version":"3.11.0","resolution":"/Users/nicolastobar/Desktop/BoratDev/reactProjects/amazon-clone/functions/node_modules/firebase-functions/lib/index.js"} {"metadata":{"emulator":{"name":"functions"},"message":"[runtime-status] [7408] Resolved module firebase-functions {\"declared\":true,\"installed\":true,\"version\":\"3.11.0\",\"resolution\":\"/Users/nicolastobar/Desktop/BoratDev/reactProjects/amazon-clone/functions/node_modules/firebase-functions/lib/index.js\"}"}}
[debug] [2020-11-17T15:49:28.965Z] [runtime-status] [7408] Resolved module firebase-functions {"declared":true,"installed":true,"version":"3.11.0","resolution":"/Users/nicolastobar/Desktop/BoratDev/reactProjects/amazon-clone/functions/node_modules/firebase-functions/lib/index.js"} {"metadata":{"emulator":{"name":"functions"},"message":"[runtime-status] [7408] Resolved module firebase-functions {\"declared\":true,\"installed\":true,\"version\":\"3.11.0\",\"resolution\":\"/Users/nicolastobar/Desktop/BoratDev/reactProjects/amazon-clone/functions/node_modules/firebase-functions/lib/index.js\"}"}}
[debug] [2020-11-17T15:49:28.966Z] [runtime-status] [7408] Outgoing network have been stubbed. [{"name":"http","status":"mocked"},{"name":"http","status":"mocked"},{"name":"https","status":"mocked"},{"name":"https","status":"mocked"},{"name":"net","status":"mocked"}] {"metadata":{"emulator":{"name":"functions"},"message":"[runtime-status] [7408] Outgoing network have been stubbed. [{\"name\":\"http\",\"status\":\"mocked\"},{\"name\":\"http\",\"status\":\"mocked\"},{\"name\":\"https\",\"status\":\"mocked\"},{\"name\":\"https\",\"status\":\"mocked\"},{\"name\":\"net\",\"status\":\"mocked\"}]"}}
[debug] [2020-11-17T15:49:28.967Z] [runtime-status] [7408] Resolved module firebase-functions {"declared":true,"installed":true,"version":"3.11.0","resolution":"/Users/nicolastobar/Desktop/BoratDev/reactProjects/amazon-clone/functions/node_modules/firebase-functions/lib/index.js"} {"metadata":{"emulator":{"name":"functions"},"message":"[runtime-status] [7408] Resolved module firebase-functions {\"declared\":true,\"installed\":true,\"version\":\"3.11.0\",\"resolution\":\"/Users/nicolastobar/Desktop/BoratDev/reactProjects/amazon-clone/functions/node_modules/firebase-functions/lib/index.js\"}"}}
[debug] [2020-11-17T15:49:29.034Z] [runtime-status] [7408] Checked functions.config() {"config":{}} {"metadata":{"emulator":{"name":"functions"},"message":"[runtime-status] [7408] Checked functions.config() {\"config\":{}}"}}
[debug] [2020-11-17T15:49:29.034Z] [runtime-status] [7408] firebase-functions has been stubbed. {"functionsResolution":{"declared":true,"installed":true,"version":"3.11.0","resolution":"/Users/nicolastobar/Desktop/BoratDev/reactProjects/amazon-clone/functions/node_modules/firebase-functions/lib/index.js"}} {"metadata":{"emulator":{"name":"functions"},"message":"[runtime-status] [7408] firebase-functions has been stubbed. {\"functionsResolution\":{\"declared\":true,\"installed\":true,\"version\":\"3.11.0\",\"resolution\":\"/Users/nicolastobar/Desktop/BoratDev/reactProjects/amazon-clone/functions/node_modules/firebase-functions/lib/index.js\"}}"}}
[debug] [2020-11-17T15:49:29.035Z] [runtime-status] [7408] Resolved module firebase-functions {"declared":true,"installed":true,"version":"3.11.0","resolution":"/Users/nicolastobar/Desktop/BoratDev/reactProjects/amazon-clone/functions/node_modules/firebase-functions/lib/index.js"} {"metadata":{"emulator":{"name":"functions"},"message":"[runtime-status] [7408] Resolved module firebase-functions {\"declared\":true,\"installed\":true,\"version\":\"3.11.0\",\"resolution\":\"/Users/nicolastobar/Desktop/BoratDev/reactProjects/amazon-clone/functions/node_modules/firebase-functions/lib/index.js\"}"}}
[debug] [2020-11-17T15:49:29.036Z] [runtime-status] [7408] Resolved module firebase-admin {"declared":true,"installed":true,"version":"9.4.1","resolution":"/Users/nicolastobar/Desktop/BoratDev/reactProjects/amazon-clone/functions/node_modules/firebase-admin/lib/index.js"} {"metadata":{"emulator":{"name":"functions"},"message":"[runtime-status] [7408] Resolved module firebase-admin {\"declared\":true,\"installed\":true,\"version\":\"9.4.1\",\"resolution\":\"/Users/nicolastobar/Desktop/BoratDev/reactProjects/amazon-clone/functions/node_modules/firebase-admin/lib/index.js\"}"}}
[debug] [2020-11-17T15:49:29.036Z] [runtime-status] [7408] Resolved module firebase-functions {"declared":true,"installed":true,"version":"3.11.0","resolution":"/Users/nicolastobar/Desktop/BoratDev/reactProjects/amazon-clone/functions/node_modules/firebase-functions/lib/index.js"} {"metadata":{"emulator":{"name":"functions"},"message":"[runtime-status] [7408] Resolved module firebase-functions {\"declared\":true,\"installed\":true,\"version\":\"3.11.0\",\"resolution\":\"/Users/nicolastobar/Desktop/BoratDev/reactProjects/amazon-clone/functions/node_modules/firebase-functions/lib/index.js\"}"}}
[debug] [2020-11-17T15:49:29.037Z] [runtime-status] [7408] firebase-admin has been stubbed. {"adminResolution":{"declared":true,"installed":true,"version":"9.4.1","resolution":"/Users/nicolastobar/Desktop/BoratDev/reactProjects/amazon-clone/functions/node_modules/firebase-admin/lib/index.js"}} {"metadata":{"emulator":{"name":"functions"},"message":"[runtime-status] [7408] firebase-admin has been stubbed. {\"adminResolution\":{\"declared\":true,\"installed\":true,\"version\":\"9.4.1\",\"resolution\":\"/Users/nicolastobar/Desktop/BoratDev/reactProjects/amazon-clone/functions/node_modules/firebase-admin/lib/index.js\"}}"}}
[info] ✔  functions[api]: http function initialized (http://localhost:5001/apollo-a41ae/us-central1/api). {"metadata":{"emulator":{"name":"functions"},"message":"\u001b[1mhttp\u001b[22m function initialized (http://localhost:5001/apollo-a41ae/us-central1/api)."}}
[info] 
┌────────────────────────────────────────────────────────────────┐
│ ✔  All emulators ready! View status and logs at localhost:4000 │
└────────────────────────────────────────────────────────────────┘

┌───────────┬────────────────┬──────────────────────────┐
│ Emulator  │ Host:Port      │ View in Emulator UI      │
├───────────┼────────────────┼──────────────────────────┤
│ Functions │ localhost:5001 │ localhost:4000/functions │
├───────────┼────────────────┼──────────────────────────┤
│ Hosting   │ localhost:5000 │ n/a                      │
└───────────┴────────────────┴──────────────────────────┘
  Other reserved ports: 4400, 4500

Issues? Report them at https://github.com/firebase/firebase-tools/issues and attach the *-debug.log files.
 
[debug] [2020-11-17T15:49:29.280Z] [worker-~diagnostic~-d9b0fd38-4022-40b7-a167-fd9f93556aa0]: IDLE {"metadata":{"emulator":{"name":"functions"},"message":"[worker-~diagnostic~-d9b0fd38-4022-40b7-a167-fd9f93556aa0]: IDLE"}}
